-outxml
-source
1.6
-target
1.6
-classpath
C:\Users\ljj\.m2\repository\ant\ant\1.6.5\ant-1.6.5.jar;C:\Users\ljj\.m2\repository\antlr\antlr\2.7.6\antlr-2.7.6.jar;C:\Users\ljj\.m2\repository\aopalliance\aopalliance\1.0\aopalliance-1.0.jar;C:\Users\ljj\.m2\repository\asm\asm\1.5.3\asm-1.5.3.jar;C:\Users\ljj\.m2\repository\asm\asm-attrs\1.5.3\asm-attrs-1.5.3.jar;C:\Users\ljj\.m2\repository\cglib\cglib\2.1_3\cglib-2.1_3.jar;C:\Users\ljj\.m2\repository\com\google\collections\google-collections\1.0-rc2\google-collections-1.0-rc2.jar;C:\Users\ljj\.m2\repository\commons-collections\commons-collections\3.1\commons-collections-3.1.jar;C:\Users\ljj\.m2\repository\commons-dbcp\commons-dbcp\1.2.2\commons-dbcp-1.2.2.jar;C:\Users\ljj\.m2\repository\commons-logging\commons-logging\1.0.4\commons-logging-1.0.4.jar;C:\Users\ljj\.m2\repository\commons-pool\commons-pool\1.3\commons-pool-1.3.jar;C:\Users\ljj\.m2\repository\dom4j\dom4j\1.6.1\dom4j-1.6.1.jar;C:\Users\ljj\.m2\repository\javassist\javassist\3.12.0.GA\javassist-3.12.0.GA.jar;C:\Users\ljj\.m2\repository\javax\inject\javax.inject\1\javax.inject-1.jar;C:\Users\ljj\.m2\repository\javax\persistence\persistence-api\1.0\persistence-api-1.0.jar;C:\Users\ljj\.m2\repository\javax\servlet\jstl\1.2\jstl-1.2.jar;C:\Users\ljj\.m2\repository\javax\servlet\servlet-api\2.5\servlet-api-2.5.jar;C:\Users\ljj\.m2\repository\javax\transaction\jta\1.1\jta-1.1.jar;C:\Users\ljj\.m2\repository\javax\validation\validation-api\1.0.0.GA\validation-api-1.0.0.GA.jar;C:\Users\ljj\.m2\repository\mysql\mysql-connector-java\5.1.6\mysql-connector-java-5.1.6.jar;C:\Users\ljj\.m2\repository\net\sf\ehcache\ehcache\1.2.3\ehcache-1.2.3.jar;C:\Users\ljj\.m2\repository\org\aspectj\aspectjrt\1.6.9\aspectjrt-1.6.9.jar;C:\Users\ljj\.m2\repository\org\aspectj\aspectjweaver\1.5.4\aspectjweaver-1.5.4.jar;C:\Users\ljj\.m2\repository\org\codehaus\jackson\jackson-core-asl\1.6.4\jackson-core-asl-1.6.4.jar;C:\Users\ljj\.m2\repository\org\codehaus\jackson\jackson-mapper-asl\1.6.4\jackson-mapper-asl-1.6.4.jar;C:\Users\ljj\.m2\repository\org\eclipse\jdt\core\3.1.1\core-3.1.1.jar;C:\Users\ljj\.m2\repository\org\eclipse\jdt\core\compiler\ecj\3.5.1\ecj-3.5.1.jar;C:\Users\ljj\.m2\repository\org\hibernate\hibernate\3.2.6.ga\hibernate-3.2.6.ga.jar;C:\Users\ljj\.m2\repository\org\hibernate\hibernate-annotations\3.3.1.GA\hibernate-annotations-3.3.1.GA.jar;C:\Users\ljj\.m2\repository\org\hibernate\hibernate-commons-annotations\3.3.0.ga\hibernate-commons-annotations-3.3.0.ga.jar;C:\Users\ljj\.m2\repository\org\hibernate\hibernate-core\3.3.2.GA\hibernate-core-3.3.2.GA.jar;C:\Users\ljj\.m2\repository\org\hibernate\hibernate-validator\4.1.0.Final\hibernate-validator-4.1.0.Final.jar;C:\Users\ljj\.m2\repository\org\mortbay\jetty\jetty\6.1.26RC0\jetty-6.1.26RC0.jar;C:\Users\ljj\.m2\repository\org\mortbay\jetty\jetty-util\6.1.26RC0\jetty-util-6.1.26RC0.jar;C:\Users\ljj\.m2\repository\org\mortbay\jetty\jsp-2.1-glassfish\2.1.v20091210\jsp-2.1-glassfish-2.1.v20091210.jar;C:\Users\ljj\.m2\repository\org\mortbay\jetty\jsp-2.1-jetty\6.1.26RC0\jsp-2.1-jetty-6.1.26RC0.jar;C:\Users\ljj\.m2\repository\org\mortbay\jetty\jsp-api-2.1-glassfish\2.1.v20091210\jsp-api-2.1-glassfish-2.1.v20091210.jar;C:\Users\ljj\.m2\repository\org\mortbay\jetty\servlet-api\2.5-20081211\servlet-api-2.5-20081211.jar;C:\Users\ljj\.m2\repository\org\slf4j\slf4j-api\1.5.10\slf4j-api-1.5.10.jar;C:\Users\ljj\.m2\repository\org\springframework\spring-aop\3.0.5.RELEASE\spring-aop-3.0.5.RELEASE.jar;C:\Users\ljj\.m2\repository\org\springframework\spring-asm\3.0.5.RELEASE\spring-asm-3.0.5.RELEASE.jar;C:\Users\ljj\.m2\repository\org\springframework\spring-beans\3.0.5.RELEASE\spring-beans-3.0.5.RELEASE.jar;C:\Users\ljj\.m2\repository\org\springframework\spring-context\3.0.5.RELEASE\spring-context-3.0.5.RELEASE.jar;C:\Users\ljj\.m2\repository\org\springframework\spring-context-support\3.0.5.RELEASE\spring-context-support-3.0.5.RELEASE.jar;C:\Users\ljj\.m2\repository\org\springframework\spring-core\3.0.5.RELEASE\spring-core-3.0.5.RELEASE.jar;C:\Users\ljj\.m2\repository\org\springframework\spring-expression\3.0.5.RELEASE\spring-expression-3.0.5.RELEASE.jar;C:\Users\ljj\.m2\repository\org\springframework\spring-jdbc\3.0.5.RELEASE\spring-jdbc-3.0.5.RELEASE.jar;C:\Users\ljj\.m2\repository\org\springframework\spring-orm\3.0.5.RELEASE\spring-orm-3.0.5.RELEASE.jar;C:\Users\ljj\.m2\repository\org\springframework\spring-test\3.0.0.RELEASE\spring-test-3.0.0.RELEASE.jar;C:\Users\ljj\.m2\repository\org\springframework\spring-tx\3.0.5.RELEASE\spring-tx-3.0.5.RELEASE.jar;C:\Users\ljj\.m2\repository\org\springframework\spring-web\3.0.5.RELEASE\spring-web-3.0.5.RELEASE.jar;C:\Users\ljj\.m2\repository\org\springframework\spring-webmvc\3.0.5.RELEASE\spring-webmvc-3.0.5.RELEASE.jar;C:\Users\ljj\.m2\repository\org\springframework\security\spring-security-acl\3.0.5.RELEASE\spring-security-acl-3.0.5.RELEASE.jar;C:\Users\ljj\.m2\repository\org\springframework\security\spring-security-config\3.0.5.RELEASE\spring-security-config-3.0.5.RELEASE.jar;C:\Users\ljj\.m2\repository\org\springframework\security\spring-security-core\3.0.5.RELEASE\spring-security-core-3.0.5.RELEASE.jar;C:\Users\ljj\.m2\repository\org\springframework\security\spring-security-taglibs\3.0.5.RELEASE\spring-security-taglibs-3.0.5.RELEASE.jar;C:\Users\ljj\.m2\repository\org\springframework\security\spring-security-web\3.0.5.RELEASE\spring-security-web-3.0.5.RELEASE.jar;C:\Users\ljj\.m2\repository\xml-apis\xml-apis\1.0.b2\xml-apis-1.0.b2.jar;E:\huaqibei\source\server\market\target\classes
-d
E:\huaqibei\source\server\market\target\classes
E:\huaqibei\source\server\market\src\main\java\com\ipay\server\entity\Attribute.java
E:\huaqibei\source\server\market\src\main\java\com\ipay\server\entity\ProductInfo.java
E:\huaqibei\source\server\market\src\main\java\com\ipay\server\service\IClientService.java
E:\huaqibei\source\server\market\src\main\java\com\ipay\server\entity\ClientInfo.java
E:\huaqibei\source\server\market\src\main\java\com\ipay\server\web\ClientController.java
E:\huaqibei\source\server\market\src\main\java\com\ipay\server\entity\BaseEntity.java
E:\huaqibei\source\server\market\src\main\java\com\ipay\server\config\ConversionServiceAwareObjectMapper.java
E:\huaqibei\source\server\market\src\main\java\com\ipay\server\config\ConvertingSerializer.java
E:\huaqibei\source\server\market\src\main\java\com\ipay\server\config\CustomHibernateSessionFilter.java
E:\huaqibei\source\server\market\src\main\java\com\ipay\server\config\JacksonConversionServiceConfigurer.java
E:\huaqibei\source\server\market\src\main\java\com\ipay\server\dao\IDao.java
E:\huaqibei\source\server\market\src\main\java\com\ipay\server\entity\Market.java
E:\huaqibei\source\server\market\src\main\java\com\ipay\server\service\IService.java
E:\huaqibei\source\server\market\src\main\java\com\ipay\server\entity\Admin.java
E:\huaqibei\source\server\market\src\main\java\com\ipay\server\entity\User.java
E:\huaqibei\source\server\market\src\main\java\com\ipay\server\config\FormatAnnotationIntrospector.java
E:\huaqibei\source\server\market\src\main\java\com\ipay\server\entity\Record.java
E:\huaqibei\source\server\market\src\main\java\com\ipay\server\web\HomeController.java
E:\huaqibei\source\server\market\src\main\java\com\ipay\server\entity\Order.java
E:\huaqibei\source\server\market\src\main\java\com\ipay\server\service\impl\UserDetailsServiceImpl.java
E:\huaqibei\source\server\market\src\main\java\com\ipay\server\config\ConvertingDeserializer.java
E:\huaqibei\source\server\market\src\main\java\com\ipay\server\entity\Client.java
E:\huaqibei\source\server\market\src\main\java\com\ipay\server\entity\Product.java
E:\huaqibei\source\server\market\src\main\java\com\ipay\server\service\impl\ClientServiceImpl.java
E:\huaqibei\source\server\market\src\main\java\com\ipay\server\entity\Authority.java
E:\huaqibei\source\server\market\src\main\java\com\ipay\server\dao\impl\DaoImpl.java
E:\huaqibei\source\server\market\src\main\java\com\ipay\server\service\impl\ServiceImpl.java
E:\huaqibei\source\server\market\src\main\java\com\ipay\server\entity\MarketInfo.java
